<?xml version="1.0" encoding="UTF-8"?>
<!-- Generated by org.testng.reporters.JUnitReportReporter -->
<testsuite hostname="DESKTOP-IQAQ9TA" failures="0" tests="1" name="driverFactory.AppTest" time="39.390" errors="0" timestamp="2024-10-22T22:09:00 IST" skipped="0">
  <testcase classname="driverFactory.AppTest" name="kickStart" time="39.390"/>
</testsuite> <!-- driverFactory.AppTest -->
